<?xml version="1.0" encoding="UTF-8"?>
<coverage generated="1601155385535" clover="3.2.0">
  <project timestamp="1601155385535" name="All files">
    <metrics statements="17" coveredstatements="17" conditionals="0" coveredconditionals="0" methods="4" coveredmethods="4" elements="21" coveredelements="21" complexity="0" loc="17" ncloc="17" packages="1" files="4" classes="4"/>
    <file name="Employee.js" path="C:\Users\solom\Desktop\projects\Employee-profile-generator\lib\Employee.js">
      <metrics statements="5" coveredstatements="5" conditionals="0" coveredconditionals="0" methods="1" coveredmethods="1"/>
      <line num="3" count="4" type="stmt"/>
      <line num="4" count="4" type="stmt"/>
      <line num="5" count="4" type="stmt"/>
      <line num="6" count="4" type="stmt"/>
      <line num="10" count="4" type="stmt"/>
    </file>
    <file name="Engineer.js" path="C:\Users\solom\Desktop\projects\Employee-profile-generator\lib\Engineer.js">
      <metrics statements="4" coveredstatements="4" conditionals="0" coveredconditionals="0" methods="1" coveredmethods="1"/>
      <line num="1" count="1" type="stmt"/>
      <line num="5" count="1" type="stmt"/>
      <line num="6" count="1" type="stmt"/>
      <line num="9" count="1" type="stmt"/>
    </file>
    <file name="Intern.js" path="C:\Users\solom\Desktop\projects\Employee-profile-generator\lib\Intern.js">
      <metrics statements="4" coveredstatements="4" conditionals="0" coveredconditionals="0" methods="1" coveredmethods="1"/>
      <line num="1" count="1" type="stmt"/>
      <line num="5" count="1" type="stmt"/>
      <line num="7" count="1" type="stmt"/>
      <line num="10" count="1" type="stmt"/>
    </file>
    <file name="Manager.js" path="C:\Users\solom\Desktop\projects\Employee-profile-generator\lib\Manager.js">
      <metrics statements="4" coveredstatements="4" conditionals="0" coveredconditionals="0" methods="1" coveredmethods="1"/>
      <line num="1" count="1" type="stmt"/>
      <line num="5" count="1" type="stmt"/>
      <line num="7" count="1" type="stmt"/>
      <line num="11" count="1" type="stmt"/>
    </file>
  </project>
</coverage>
